# JRE version: Java(TM) SE Runtime Environment (8.0_73-b02) (build 1.8.0_73-b02)
# Java VM: Java HotSpot(TM) 64-Bit Server VM (25.73-b02 mixed mode windows-amd64 compressed oops)
Heap:
 PSYoungGen      total 206336K, used 70790K [0x00000000eab00000, 0x00000000f8d80000, 0x0000000100000000)
  eden space 188416K, 37% used [0x00000000eab00000,0x00000000ef0219a0,0x00000000f6300000)
  from space 17920K, 0% used [0x00000000f7700000,0x00000000f7700000,0x00000000f8880000)
  to   space 20480K, 0% used [0x00000000f6300000,0x00000000f6300000,0x00000000f7700000)
 ParOldGen       total 72704K, used 45526K [0x00000000c0000000, 0x00000000c4700000, 0x00000000eab00000)
  object space 72704K, 62% used [0x00000000c0000000,0x00000000c2c75be8,0x00000000c4700000)
 Metaspace       used 62228K, capacity 66910K, committed 67200K, reserved 1107968K
  class space    used 8106K, capacity 8694K, committed 8832K, reserved 1048576K
GC Heap History (10 events):
Event: 3879.744 GC heap before
{Heap before GC invocations=54 (full 17):
 PSYoungGen      total 203776K, used 4819K [0x00000000eab00000, 0x00000000f8700000, 0x0000000100000000)
  eden space 198656K, 0% used [0x00000000eab00000,0x00000000eab00000,0x00000000f6d00000)
  from space 5120K, 94% used [0x00000000f6d00000,0x00000000f71b4c90,0x00000000f7200000)
  to   space 13312K, 0% used [0x00000000f7a00000,0x00000000f7a00000,0x00000000f8700000)
 ParOldGen       total 72704K, used 33152K [0x00000000c0000000, 0x00000000c4700000, 0x00000000eab00000)
  object space 72704K, 45% used [0x00000000c0000000,0x00000000c2060010,0x00000000c4700000)
 Metaspace       used 61966K, capacity 66436K, committed 66560K, reserved 1107968K
  class space    used 8082K, capacity 8684K, committed 8704K, reserved 1048576K
Event: 3879.983 GC heap after
Heap after GC invocations=54 (full 17):
 PSYoungGen      total 203776K, used 0K [0x00000000eab00000, 0x00000000f8700000, 0x0000000100000000)
  eden space 198656K, 0% used [0x00000000eab00000,0x00000000eab00000,0x00000000f6d00000)
  from space 5120K, 0% used [0x00000000f6d00000,0x00000000f6d00000,0x00000000f7200000)
  to   space 13312K, 0% used [0x00000000f7a00000,0x00000000f7a00000,0x00000000f8700000)
 ParOldGen       total 72704K, used 33983K [0x00000000c0000000, 0x00000000c4700000, 0x00000000eab00000)
  object space 72704K, 46% used [0x00000000c0000000,0x00000000c212fce8,0x00000000c4700000)
 Metaspace       used 61697K, capacity 66080K, committed 66560K, reserved 1107968K
  class space    used 8058K, capacity 8629K, committed 8704K, reserved 1048576K
}
Event: 3991.714 GC heap before
{Heap before GC invocations=55 (full 17):
 PSYoungGen      total 203776K, used 198656K [0x00000000eab00000, 0x00000000f8700000, 0x0000000100000000)
  eden space 198656K, 100% used [0x00000000eab00000,0x00000000f6d00000,0x00000000f6d00000)
  from space 5120K, 0% used [0x00000000f6d00000,0x00000000f6d00000,0x00000000f7200000)
  to   space 13312K, 0% used [0x00000000f7a00000,0x00000000f7a00000,0x00000000f8700000)
 ParOldGen       total 72704K, used 33983K [0x00000000c0000000, 0x00000000c4700000, 0x00000000eab00000)
  object space 72704K, 46% used [0x00000000c0000000,0x00000000c212fce8,0x00000000c4700000)
 Metaspace       used 62056K, capacity 66652K, committed 66944K, reserved 1107968K
  class space    used 8093K, capacity 8679K, committed 8832K, reserved 1048576K
Event: 3991.734 GC heap after
Heap after GC invocations=55 (full 17):
 PSYoungGen      total 211968K, used 6662K [0x00000000eab00000, 0x00000000f8700000, 0x0000000100000000)
  eden space 198656K, 0% used [0x00000000eab00000,0x00000000eab00000,0x00000000f6d00000)
  from space 13312K, 50% used [0x00000000f7a00000,0x00000000f8081840,0x00000000f8700000)
  to   space 5120K, 0% used [0x00000000f6d00000,0x00000000f6d00000,0x00000000f7200000)
 ParOldGen       total 72704K, used 33991K [0x00000000c0000000, 0x00000000c4700000, 0x00000000eab00000)
  object space 72704K, 46% used [0x00000000c0000000,0x00000000c2131ce8,0x00000000c4700000)
 Metaspace       used 62056K, capacity 66652K, committed 66944K, reserved 1107968K
  class space    used 8093K, capacity 8679K, committed 8832K, reserved 1048576K
}
Event: 4010.480 GC heap before
{Heap before GC invocations=56 (full 17):
 PSYoungGen      total 211968K, used 205318K [0x00000000eab00000, 0x00000000f8700000, 0x0000000100000000)
  eden space 198656K, 100% used [0x00000000eab00000,0x00000000f6d00000,0x00000000f6d00000)
  from space 13312K, 50% used [0x00000000f7a00000,0x00000000f8081840,0x00000000f8700000)
  to   space 5120K, 0% used [0x00000000f6d00000,0x00000000f6d00000,0x00000000f7200000)
 ParOldGen       total 72704K, used 33991K [0x00000000c0000000, 0x00000000c4700000, 0x00000000eab00000)
  object space 72704K, 46% used [0x00000000c0000000,0x00000000c2131ce8,0x00000000c4700000)
 Metaspace       used 62135K, capacity 66758K, committed 66944K, reserved 1107968K
  class space    used 8098K, capacity 8686K, committed 8832K, reserved 1048576K
Event: 4010.513 GC heap after
Heap after GC invocations=56 (full 17):
 PSYoungGen      total 196096K, used 5115K [0x00000000eab00000, 0x00000000f8880000, 0x0000000100000000)
  eden space 190976K, 0% used [0x00000000eab00000,0x00000000eab00000,0x00000000f6580000)
  from space 5120K, 99% used [0x00000000f6d00000,0x00000000f71fec10,0x00000000f7200000)
  to   space 17920K, 0% used [0x00000000f7700000,0x00000000f7700000,0x00000000f8880000)
 ParOldGen       total 72704K, used 48508K [0x00000000c0000000, 0x00000000c4700000, 0x00000000eab00000)
  object space 72704K, 66% used [0x00000000c0000000,0x00000000c2f5f030,0x00000000c4700000)
 Metaspace       used 62135K, capacity 66758K, committed 66944K, reserved 1107968K
  class space    used 8098K, capacity 8686K, committed 8832K, reserved 1048576K
}
Event: 4026.106 GC heap before
{Heap before GC invocations=57 (full 17):
 PSYoungGen      total 196096K, used 184392K [0x00000000eab00000, 0x00000000f8880000, 0x0000000100000000)
  eden space 190976K, 93% used [0x00000000eab00000,0x00000000f5a133f8,0x00000000f6580000)
  from space 5120K, 99% used [0x00000000f6d00000,0x00000000f71fec10,0x00000000f7200000)
  to   space 17920K, 0% used [0x00000000f7700000,0x00000000f7700000,0x00000000f8880000)
 ParOldGen       total 72704K, used 48508K [0x00000000c0000000, 0x00000000c4700000, 0x00000000eab00000)
  object space 72704K, 66% used [0x00000000c0000000,0x00000000c2f5f030,0x00000000c4700000)
 Metaspace       used 62140K, capacity 66822K, committed 67200K, reserved 1107968K
  class space    used 8098K, capacity 8686K, committed 8832K, reserved 1048576K
Event: 4026.221 GC heap after
Heap after GC invocations=57 (full 17):
 PSYoungGen      total 206336K, used 17493K [0x00000000eab00000, 0x00000000f8d80000, 0x0000000100000000)
  eden space 188416K, 0% used [0x00000000eab00000,0x00000000eab00000,0x00000000f6300000)
  from space 17920K, 97% used [0x00000000f7700000,0x00000000f88156d0,0x00000000f8880000)
  to   space 20480K, 0% used [0x00000000f6300000,0x00000000f6300000,0x00000000f7700000)
 ParOldGen       total 72704K, used 48516K [0x00000000c0000000, 0x00000000c4700000, 0x00000000eab00000)
  object space 72704K, 66% used [0x00000000c0000000,0x00000000c2f61030,0x00000000c4700000)
 Metaspace       used 62140K, capacity 66822K, committed 67200K, reserved 1107968K
  class space    used 8098K, capacity 8686K, committed 8832K, reserved 1048576K
}
Event: 4026.221 GC heap before
{Heap before GC invocations=58 (full 18):
 PSYoungGen      total 206336K, used 17493K [0x00000000eab00000, 0x00000000f8d80000, 0x0000000100000000)
  eden space 188416K, 0% used [0x00000000eab00000,0x00000000eab00000,0x00000000f6300000)
  from space 17920K, 97% used [0x00000000f7700000,0x00000000f88156d0,0x00000000f8880000)
  to   space 20480K, 0% used [0x00000000f6300000,0x00000000f6300000,0x00000000f7700000)
 ParOldGen       total 72704K, used 48516K [0x00000000c0000000, 0x00000000c4700000, 0x00000000eab00000)
  object space 72704K, 66% used [0x00000000c0000000,0x00000000c2f61030,0x00000000c4700000)
 Metaspace       used 62140K, capacity 66822K, committed 67200K, reserved 1107968K
  class space    used 8098K, capacity 8686K, committed 8832K, reserved 1048576K
Event: 4026.748 GC heap after
Heap after GC invocations=58 (full 18):
 PSYoungGen      total 206336K, used 0K [0x00000000eab00000, 0x00000000f8d80000, 0x0000000100000000)
  eden space 188416K, 0% used [0x00000000eab00000,0x00000000eab00000,0x00000000f6300000)
  from space 17920K, 0% used [0x00000000f7700000,0x00000000f7700000,0x00000000f8880000)
  to   space 20480K, 0% used [0x00000000f6300000,0x00000000f6300000,0x00000000f7700000)
 ParOldGen       total 72704K, used 45526K [0x00000000c0000000, 0x00000000c4700000, 0x00000000eab00000)
  object space 72704K, 62% used [0x00000000c0000000,0x00000000c2c75be8,0x00000000c4700000)
 Metaspace       used 62140K, capacity 66822K, committed 67200K, reserved 1107968K
  class space    used 8098K, capacity 8686K, committed 8832K, reserved 1048576K
}

