# JRE version: Java(TM) SE Runtime Environment (8.0_73-b02) (build 1.8.0_73-b02)
# Java VM: Java HotSpot(TM) 64-Bit Server VM (25.73-b02 mixed mode windows-amd64 compressed oops)
Heap:
 PSYoungGen      total 173056K, used 90070K [0x00000000eab00000, 0x00000000f9180000, 0x0000000100000000)
  eden space 159232K, 52% used [0x00000000eab00000,0x00000000efc40898,0x00000000f4680000)
  from space 13824K, 49% used [0x00000000f4680000,0x00000000f4d35040,0x00000000f5400000)
  to   space 12800K, 0% used [0x00000000f8500000,0x00000000f8500000,0x00000000f9180000)
 ParOldGen       total 65024K, used 33706K [0x00000000c0000000, 0x00000000c3f80000, 0x00000000eab00000)
  object space 65024K, 51% used [0x00000000c0000000,0x00000000c20eaa38,0x00000000c3f80000)
 Metaspace       used 48411K, capacity 49646K, committed 49920K, reserved 1091584K
  class space    used 6582K, capacity 6890K, committed 6912K, reserved 1048576K
GC Heap History (10 events):
Event: 10.917 GC heap before
{Heap before GC invocations=12 (full 2):
 PSYoungGen      total 127488K, used 10146K [0x00000000eab00000, 0x00000000f3400000, 0x0000000100000000)
  eden space 116736K, 0% used [0x00000000eab00000,0x00000000eab00000,0x00000000f1d00000)
  from space 10752K, 94% used [0x00000000f2880000,0x00000000f3268b88,0x00000000f3300000)
  to   space 11776K, 0% used [0x00000000f1d00000,0x00000000f1d00000,0x00000000f2880000)
 ParOldGen       total 42496K, used 10998K [0x00000000c0000000, 0x00000000c2980000, 0x00000000eab00000)
  object space 42496K, 25% used [0x00000000c0000000,0x00000000c0abd808,0x00000000c2980000)
 Metaspace       used 34617K, capacity 35220K, committed 35456K, reserved 1079296K
  class space    used 4706K, capacity 4890K, committed 4992K, reserved 1048576K
Event: 11.010 GC heap after
Heap after GC invocations=12 (full 2):
 PSYoungGen      total 127488K, used 0K [0x00000000eab00000, 0x00000000f3400000, 0x0000000100000000)
  eden space 116736K, 0% used [0x00000000eab00000,0x00000000eab00000,0x00000000f1d00000)
  from space 10752K, 0% used [0x00000000f2880000,0x00000000f2880000,0x00000000f3300000)
  to   space 11776K, 0% used [0x00000000f1d00000,0x00000000f1d00000,0x00000000f2880000)
 ParOldGen       total 65024K, used 19923K [0x00000000c0000000, 0x00000000c3f80000, 0x00000000eab00000)
  object space 65024K, 30% used [0x00000000c0000000,0x00000000c1374f28,0x00000000c3f80000)
 Metaspace       used 34617K, capacity 35220K, committed 35456K, reserved 1079296K
  class space    used 4706K, capacity 4890K, committed 4992K, reserved 1048576K
}
Event: 13.296 GC heap before
{Heap before GC invocations=13 (full 2):
 PSYoungGen      total 127488K, used 116736K [0x00000000eab00000, 0x00000000f3400000, 0x0000000100000000)
  eden space 116736K, 100% used [0x00000000eab00000,0x00000000f1d00000,0x00000000f1d00000)
  from space 10752K, 0% used [0x00000000f2880000,0x00000000f2880000,0x00000000f3300000)
  to   space 11776K, 0% used [0x00000000f1d00000,0x00000000f1d00000,0x00000000f2880000)
 ParOldGen       total 65024K, used 19923K [0x00000000c0000000, 0x00000000c3f80000, 0x00000000eab00000)
  object space 65024K, 30% used [0x00000000c0000000,0x00000000c1374f28,0x00000000c3f80000)
 Metaspace       used 42111K, capacity 42988K, committed 43264K, reserved 1087488K
  class space    used 5827K, capacity 6046K, committed 6144K, reserved 1048576K
Event: 13.315 GC heap after
Heap after GC invocations=13 (full 2):
 PSYoungGen      total 128512K, used 11747K [0x00000000eab00000, 0x00000000f6180000, 0x0000000100000000)
  eden space 116736K, 0% used [0x00000000eab00000,0x00000000eab00000,0x00000000f1d00000)
  from space 11776K, 99% used [0x00000000f1d00000,0x00000000f2878df0,0x00000000f2880000)
  to   space 13824K, 0% used [0x00000000f5400000,0x00000000f5400000,0x00000000f6180000)
 ParOldGen       total 65024K, used 22162K [0x00000000c0000000, 0x00000000c3f80000, 0x00000000eab00000)
  object space 65024K, 34% used [0x00000000c0000000,0x00000000c15a4ab8,0x00000000c3f80000)
 Metaspace       used 42111K, capacity 42988K, committed 43264K, reserved 1087488K
  class space    used 5827K, capacity 6046K, committed 6144K, reserved 1048576K
}
Event: 17.137 GC heap before
{Heap before GC invocations=14 (full 2):
 PSYoungGen      total 128512K, used 110335K [0x00000000eab00000, 0x00000000f6180000, 0x0000000100000000)
  eden space 116736K, 84% used [0x00000000eab00000,0x00000000f0b46e70,0x00000000f1d00000)
  from space 11776K, 99% used [0x00000000f1d00000,0x00000000f2878df0,0x00000000f2880000)
  to   space 13824K, 0% used [0x00000000f5400000,0x00000000f5400000,0x00000000f6180000)
 ParOldGen       total 65024K, used 22162K [0x00000000c0000000, 0x00000000c3f80000, 0x00000000eab00000)
  object space 65024K, 34% used [0x00000000c0000000,0x00000000c15a4ab8,0x00000000c3f80000)
 Metaspace       used 45334K, capacity 46376K, committed 46592K, reserved 1089536K
  class space    used 6283K, capacity 6542K, committed 6656K, reserved 1048576K
Event: 17.164 GC heap after
Heap after GC invocations=14 (full 2):
 PSYoungGen      total 173056K, used 5424K [0x00000000eab00000, 0x00000000f6180000, 0x0000000100000000)
  eden space 159232K, 0% used [0x00000000eab00000,0x00000000eab00000,0x00000000f4680000)
  from space 13824K, 39% used [0x00000000f5400000,0x00000000f594c250,0x00000000f6180000)
  to   space 13824K, 0% used [0x00000000f4680000,0x00000000f4680000,0x00000000f5400000)
 ParOldGen       total 65024K, used 32421K [0x00000000c0000000, 0x00000000c3f80000, 0x00000000eab00000)
  object space 65024K, 49% used [0x00000000c0000000,0x00000000c1fa9768,0x00000000c3f80000)
 Metaspace       used 45334K, capacity 46376K, committed 46592K, reserved 1089536K
  class space    used 6283K, capacity 6542K, committed 6656K, reserved 1048576K
}
Event: 17.164 GC heap before
{Heap before GC invocations=15 (full 3):
 PSYoungGen      total 173056K, used 5424K [0x00000000eab00000, 0x00000000f6180000, 0x0000000100000000)
  eden space 159232K, 0% used [0x00000000eab00000,0x00000000eab00000,0x00000000f4680000)
  from space 13824K, 39% used [0x00000000f5400000,0x00000000f594c250,0x00000000f6180000)
  to   space 13824K, 0% used [0x00000000f4680000,0x00000000f4680000,0x00000000f5400000)
 ParOldGen       total 65024K, used 32421K [0x00000000c0000000, 0x00000000c3f80000, 0x00000000eab00000)
  object space 65024K, 49% used [0x00000000c0000000,0x00000000c1fa9768,0x00000000c3f80000)
 Metaspace       used 45334K, capacity 46376K, committed 46592K, reserved 1089536K
  class space    used 6283K, capacity 6542K, committed 6656K, reserved 1048576K
Event: 19.208 GC heap after
Heap after GC invocations=15 (full 3):
 PSYoungGen      total 173056K, used 0K [0x00000000eab00000, 0x00000000f6180000, 0x0000000100000000)
  eden space 159232K, 0% used [0x00000000eab00000,0x00000000eab00000,0x00000000f4680000)
  from space 13824K, 0% used [0x00000000f5400000,0x00000000f5400000,0x00000000f6180000)
  to   space 13824K, 0% used [0x00000000f4680000,0x00000000f4680000,0x00000000f5400000)
 ParOldGen       total 65024K, used 33698K [0x00000000c0000000, 0x00000000c3f80000, 0x00000000eab00000)
  object space 65024K, 51% used [0x00000000c0000000,0x00000000c20e8a38,0x00000000c3f80000)
 Metaspace       used 45334K, capacity 46376K, committed 46592K, reserved 1089536K
  class space    used 6283K, capacity 6542K, committed 6656K, reserved 1048576K
}
Event: 219.451 GC heap before
{Heap before GC invocations=16 (full 3):
 PSYoungGen      total 173056K, used 159232K [0x00000000eab00000, 0x00000000f6180000, 0x0000000100000000)
  eden space 159232K, 100% used [0x00000000eab00000,0x00000000f4680000,0x00000000f4680000)
  from space 13824K, 0% used [0x00000000f5400000,0x00000000f5400000,0x00000000f6180000)
  to   space 13824K, 0% used [0x00000000f4680000,0x00000000f4680000,0x00000000f5400000)
 ParOldGen       total 65024K, used 33698K [0x00000000c0000000, 0x00000000c3f80000, 0x00000000eab00000)
  object space 65024K, 51% used [0x00000000c0000000,0x00000000c20e8a38,0x00000000c3f80000)
 Metaspace       used 47063K, capacity 48286K, committed 48640K, reserved 1091584K
  class space    used 6450K, capacity 6786K, committed 6912K, reserved 1048576K
Event: 219.476 GC heap after
Heap after GC invocations=16 (full 3):
 PSYoungGen      total 173056K, used 6868K [0x00000000eab00000, 0x00000000f9180000, 0x0000000100000000)
  eden space 159232K, 0% used [0x00000000eab00000,0x00000000eab00000,0x00000000f4680000)
  from space 13824K, 49% used [0x00000000f4680000,0x00000000f4d35040,0x00000000f5400000)
  to   space 12800K, 0% used [0x00000000f8500000,0x00000000f8500000,0x00000000f9180000)
 ParOldGen       total 65024K, used 33706K [0x00000000c0000000, 0x00000000c3f80000, 0x00000000eab00000)
  object space 65024K, 51% used [0x00000000c0000000,0x00000000c20eaa38,0x00000000c3f80000)
 Metaspace       used 47063K, capacity 48286K, committed 48640K, reserved 1091584K
  class space    used 6450K, capacity 6786K, committed 6912K, reserved 1048576K
}

