# JRE version: Java(TM) SE Runtime Environment (8.0_73-b02) (build 1.8.0_73-b02)
# Java VM: Java HotSpot(TM) 64-Bit Server VM (25.73-b02 mixed mode windows-amd64 compressed oops)
Heap:
 PSYoungGen      total 131072K, used 30008K [0x00000000eab00000, 0x00000000f6700000, 0x0000000100000000)
  eden space 107008K, 5% used [0x00000000eab00000,0x00000000eb0d10a0,0x00000000f1380000)
  from space 24064K, 99% used [0x00000000f1380000,0x00000000f2afd088,0x00000000f2b00000)
  to   space 33792K, 0% used [0x00000000f4600000,0x00000000f4600000,0x00000000f6700000)
 ParOldGen       total 129536K, used 61465K [0x00000000c0000000, 0x00000000c7e80000, 0x00000000eab00000)
  object space 129536K, 47% used [0x00000000c0000000,0x00000000c3c06510,0x00000000c7e80000)
 Metaspace       used 73749K, capacity 75946K, committed 76184K, reserved 1116160K
  class space    used 9839K, capacity 10370K, committed 10408K, reserved 1048576K
GC Heap History (10 events):
Event: 90.877 GC heap before
{Heap before GC invocations=20 (full 2):
 PSYoungGen      total 103424K, used 25264K [0x00000000eab00000, 0x00000000f3000000, 0x0000000100000000)
  eden space 88064K, 11% used [0x00000000eab00000,0x00000000eb4f03e0,0x00000000f0100000)
  from space 15360K, 98% used [0x00000000f0100000,0x00000000f0fbbf68,0x00000000f1000000)
  to   space 17408K, 0% used [0x00000000f1f00000,0x00000000f1f00000,0x00000000f3000000)
 ParOldGen       total 81920K, used 28503K [0x00000000c0000000, 0x00000000c5000000, 0x00000000eab00000)
  object space 81920K, 34% used [0x00000000c0000000,0x00000000c1bd5f10,0x00000000c5000000)
 Metaspace       used 57310K, capacity 59092K, committed 59160K, reserved 1099776K
  class space    used 7734K, capacity 8165K, committed 8232K, reserved 1048576K
Event: 90.925 GC heap after
Heap after GC invocations=20 (full 2):
 PSYoungGen      total 116736K, used 15364K [0x00000000eab00000, 0x00000000f3600000, 0x0000000100000000)
  eden space 99328K, 0% used [0x00000000eab00000,0x00000000eab00000,0x00000000f0c00000)
  from space 17408K, 88% used [0x00000000f1f00000,0x00000000f2e01180,0x00000000f3000000)
  to   space 19456K, 0% used [0x00000000f0c00000,0x00000000f0c00000,0x00000000f1f00000)
 ParOldGen       total 81920K, used 28511K [0x00000000c0000000, 0x00000000c5000000, 0x00000000eab00000)
  object space 81920K, 34% used [0x00000000c0000000,0x00000000c1bd7f10,0x00000000c5000000)
 Metaspace       used 57310K, capacity 59092K, committed 59160K, reserved 1099776K
  class space    used 7734K, capacity 8165K, committed 8232K, reserved 1048576K
}
Event: 90.925 GC heap before
{Heap before GC invocations=21 (full 3):
 PSYoungGen      total 116736K, used 15364K [0x00000000eab00000, 0x00000000f3600000, 0x0000000100000000)
  eden space 99328K, 0% used [0x00000000eab00000,0x00000000eab00000,0x00000000f0c00000)
  from space 17408K, 88% used [0x00000000f1f00000,0x00000000f2e01180,0x00000000f3000000)
  to   space 19456K, 0% used [0x00000000f0c00000,0x00000000f0c00000,0x00000000f1f00000)
 ParOldGen       total 81920K, used 28511K [0x00000000c0000000, 0x00000000c5000000, 0x00000000eab00000)
  object space 81920K, 34% used [0x00000000c0000000,0x00000000c1bd7f10,0x00000000c5000000)
 Metaspace       used 57310K, capacity 59092K, committed 59160K, reserved 1099776K
  class space    used 7734K, capacity 8165K, committed 8232K, reserved 1048576K
Event: 92.009 GC heap after
Heap after GC invocations=21 (full 3):
 PSYoungGen      total 116736K, used 0K [0x00000000eab00000, 0x00000000f3600000, 0x0000000100000000)
  eden space 99328K, 0% used [0x00000000eab00000,0x00000000eab00000,0x00000000f0c00000)
  from space 17408K, 0% used [0x00000000f1f00000,0x00000000f1f00000,0x00000000f3000000)
  to   space 19456K, 0% used [0x00000000f0c00000,0x00000000f0c00000,0x00000000f1f00000)
 ParOldGen       total 129536K, used 38167K [0x00000000c0000000, 0x00000000c7e80000, 0x00000000eab00000)
  object space 129536K, 29% used [0x00000000c0000000,0x00000000c2545ec8,0x00000000c7e80000)
 Metaspace       used 57310K, capacity 59092K, committed 59160K, reserved 1099776K
  class space    used 7734K, capacity 8165K, committed 8232K, reserved 1048576K
}
Event: 129.441 GC heap before
{Heap before GC invocations=22 (full 3):
 PSYoungGen      total 116736K, used 99328K [0x00000000eab00000, 0x00000000f3600000, 0x0000000100000000)
  eden space 99328K, 100% used [0x00000000eab00000,0x00000000f0c00000,0x00000000f0c00000)
  from space 17408K, 0% used [0x00000000f1f00000,0x00000000f1f00000,0x00000000f3000000)
  to   space 19456K, 0% used [0x00000000f0c00000,0x00000000f0c00000,0x00000000f1f00000)
 ParOldGen       total 129536K, used 38167K [0x00000000c0000000, 0x00000000c7e80000, 0x00000000eab00000)
  object space 129536K, 29% used [0x00000000c0000000,0x00000000c2545ec8,0x00000000c7e80000)
 Metaspace       used 58951K, capacity 60762K, committed 60952K, reserved 1101824K
  class space    used 7938K, capacity 8372K, committed 8488K, reserved 1048576K
Event: 129.466 GC heap after
Heap after GC invocations=22 (full 3):
 PSYoungGen      total 118784K, used 7039K [0x00000000eab00000, 0x00000000f3d00000, 0x0000000100000000)
  eden space 99328K, 0% used [0x00000000eab00000,0x00000000eab00000,0x00000000f0c00000)
  from space 19456K, 36% used [0x00000000f0c00000,0x00000000f12dfc70,0x00000000f1f00000)
  to   space 18432K, 0% used [0x00000000f2b00000,0x00000000f2b00000,0x00000000f3d00000)
 ParOldGen       total 129536K, used 38175K [0x00000000c0000000, 0x00000000c7e80000, 0x00000000eab00000)
  object space 129536K, 29% used [0x00000000c0000000,0x00000000c2547ec8,0x00000000c7e80000)
 Metaspace       used 58951K, capacity 60762K, committed 60952K, reserved 1101824K
  class space    used 7938K, capacity 8372K, committed 8488K, reserved 1048576K
}
Event: 142.159 GC heap before
{Heap before GC invocations=23 (full 3):
 PSYoungGen      total 118784K, used 106367K [0x00000000eab00000, 0x00000000f3d00000, 0x0000000100000000)
  eden space 99328K, 100% used [0x00000000eab00000,0x00000000f0c00000,0x00000000f0c00000)
  from space 19456K, 36% used [0x00000000f0c00000,0x00000000f12dfc70,0x00000000f1f00000)
  to   space 18432K, 0% used [0x00000000f2b00000,0x00000000f2b00000,0x00000000f3d00000)
 ParOldGen       total 129536K, used 38175K [0x00000000c0000000, 0x00000000c7e80000, 0x00000000eab00000)
  object space 129536K, 29% used [0x00000000c0000000,0x00000000c2547ec8,0x00000000c7e80000)
 Metaspace       used 64197K, capacity 66202K, committed 66456K, reserved 1105920K
  class space    used 8563K, capacity 9036K, committed 9128K, reserved 1048576K
Event: 142.282 GC heap after
Heap after GC invocations=23 (full 3):
 PSYoungGen      total 125440K, used 18415K [0x00000000eab00000, 0x00000000f4880000, 0x0000000100000000)
  eden space 107008K, 0% used [0x00000000eab00000,0x00000000eab00000,0x00000000f1380000)
  from space 18432K, 99% used [0x00000000f2b00000,0x00000000f3cfbd78,0x00000000f3d00000)
  to   space 24064K, 0% used [0x00000000f1380000,0x00000000f1380000,0x00000000f2b00000)
 ParOldGen       total 129536K, used 45085K [0x00000000c0000000, 0x00000000c7e80000, 0x00000000eab00000)
  object space 129536K, 34% used [0x00000000c0000000,0x00000000c2c07540,0x00000000c7e80000)
 Metaspace       used 64197K, capacity 66202K, committed 66456K, reserved 1105920K
  class space    used 8563K, capacity 9036K, committed 9128K, reserved 1048576K
}
Event: 149.040 GC heap before
{Heap before GC invocations=24 (full 3):
 PSYoungGen      total 125440K, used 125423K [0x00000000eab00000, 0x00000000f4880000, 0x0000000100000000)
  eden space 107008K, 100% used [0x00000000eab00000,0x00000000f1380000,0x00000000f1380000)
  from space 18432K, 99% used [0x00000000f2b00000,0x00000000f3cfbd78,0x00000000f3d00000)
  to   space 24064K, 0% used [0x00000000f1380000,0x00000000f1380000,0x00000000f2b00000)
 ParOldGen       total 129536K, used 45085K [0x00000000c0000000, 0x00000000c7e80000, 0x00000000eab00000)
  object space 129536K, 34% used [0x00000000c0000000,0x00000000c2c07540,0x00000000c7e80000)
 Metaspace       used 73723K, capacity 75946K, committed 76184K, reserved 1116160K
  class space    used 9839K, capacity 10370K, committed 10408K, reserved 1048576K
Event: 149.238 GC heap after
Heap after GC invocations=24 (full 3):
 PSYoungGen      total 131072K, used 24052K [0x00000000eab00000, 0x00000000f6700000, 0x0000000100000000)
  eden space 107008K, 0% used [0x00000000eab00000,0x00000000eab00000,0x00000000f1380000)
  from space 24064K, 99% used [0x00000000f1380000,0x00000000f2afd088,0x00000000f2b00000)
  to   space 33792K, 0% used [0x00000000f4600000,0x00000000f4600000,0x00000000f6700000)
 ParOldGen       total 129536K, used 61465K [0x00000000c0000000, 0x00000000c7e80000, 0x00000000eab00000)
  object space 129536K, 47% used [0x00000000c0000000,0x00000000c3c06510,0x00000000c7e80000)
 Metaspace       used 73723K, capacity 75946K, committed 76184K, reserved 1116160K
  class space    used 9839K, capacity 10370K, committed 10408K, reserved 1048576K
}

