# JRE version: Java(TM) SE Runtime Environment (8.0_73-b02) (build 1.8.0_73-b02)
# Java VM: Java HotSpot(TM) 64-Bit Server VM (25.73-b02 mixed mode windows-amd64 compressed oops)
Heap:
 PSYoungGen      total 153600K, used 135442K [0x00000000eab00000, 0x00000000f5580000, 0x0000000100000000)
  eden space 142848K, 93% used [0x00000000eab00000,0x00000000f2d507a8,0x00000000f3680000)
  from space 10752K, 18% used [0x00000000f4b00000,0x00000000f4cf41e0,0x00000000f5580000)
  to   space 15872K, 0% used [0x00000000f3680000,0x00000000f3680000,0x00000000f4600000)
 ParOldGen       total 76288K, used 46787K [0x00000000c0000000, 0x00000000c4a80000, 0x00000000eab00000)
  object space 76288K, 61% used [0x00000000c0000000,0x00000000c2db0fe8,0x00000000c4a80000)
 Metaspace       used 61188K, capacity 63146K, committed 63360K, reserved 1103872K
  class space    used 8181K, capacity 8719K, committed 8832K, reserved 1048576K
GC Heap History (10 events):
Event: 45.654 GC heap before
{Heap before GC invocations=19 (full 2):
 PSYoungGen      total 163328K, used 48951K [0x00000000eab00000, 0x00000000f6200000, 0x0000000100000000)
  eden space 149504K, 24% used [0x00000000eab00000,0x00000000ece4ea30,0x00000000f3d00000)
  from space 13824K, 92% used [0x00000000f4c80000,0x00000000f58ff2a8,0x00000000f5a00000)
  to   space 15872K, 0% used [0x00000000f3d00000,0x00000000f3d00000,0x00000000f4c80000)
 ParOldGen       total 76288K, used 33062K [0x00000000c0000000, 0x00000000c4a80000, 0x00000000eab00000)
  object space 76288K, 43% used [0x00000000c0000000,0x00000000c2049be0,0x00000000c4a80000)
 Metaspace       used 48317K, capacity 49682K, committed 49792K, reserved 1091584K
  class space    used 6667K, capacity 7038K, committed 7040K, reserved 1048576K
Event: 45.685 GC heap after
Heap after GC invocations=19 (full 2):
 PSYoungGen      total 165376K, used 4349K [0x00000000eab00000, 0x00000000f6000000, 0x0000000100000000)
  eden space 149504K, 0% used [0x00000000eab00000,0x00000000eab00000,0x00000000f3d00000)
  from space 15872K, 27% used [0x00000000f3d00000,0x00000000f413f698,0x00000000f4c80000)
  to   space 14848K, 0% used [0x00000000f5180000,0x00000000f5180000,0x00000000f6000000)
 ParOldGen       total 76288K, used 43141K [0x00000000c0000000, 0x00000000c4a80000, 0x00000000eab00000)
  object space 76288K, 56% used [0x00000000c0000000,0x00000000c2a21490,0x00000000c4a80000)
 Metaspace       used 48317K, capacity 49682K, committed 49792K, reserved 1091584K
  class space    used 6667K, capacity 7038K, committed 7040K, reserved 1048576K
}
Event: 45.685 GC heap before
{Heap before GC invocations=20 (full 3):
 PSYoungGen      total 165376K, used 4349K [0x00000000eab00000, 0x00000000f6000000, 0x0000000100000000)
  eden space 149504K, 0% used [0x00000000eab00000,0x00000000eab00000,0x00000000f3d00000)
  from space 15872K, 27% used [0x00000000f3d00000,0x00000000f413f698,0x00000000f4c80000)
  to   space 14848K, 0% used [0x00000000f5180000,0x00000000f5180000,0x00000000f6000000)
 ParOldGen       total 76288K, used 43141K [0x00000000c0000000, 0x00000000c4a80000, 0x00000000eab00000)
  object space 76288K, 56% used [0x00000000c0000000,0x00000000c2a21490,0x00000000c4a80000)
 Metaspace       used 48317K, capacity 49682K, committed 49792K, reserved 1091584K
  class space    used 6667K, capacity 7038K, committed 7040K, reserved 1048576K
Event: 46.166 GC heap after
Heap after GC invocations=20 (full 3):
 PSYoungGen      total 165376K, used 0K [0x00000000eab00000, 0x00000000f6000000, 0x0000000100000000)
  eden space 149504K, 0% used [0x00000000eab00000,0x00000000eab00000,0x00000000f3d00000)
  from space 15872K, 0% used [0x00000000f3d00000,0x00000000f3d00000,0x00000000f4c80000)
  to   space 14848K, 0% used [0x00000000f5180000,0x00000000f5180000,0x00000000f6000000)
 ParOldGen       total 76288K, used 39906K [0x00000000c0000000, 0x00000000c4a80000, 0x00000000eab00000)
  object space 76288K, 52% used [0x00000000c0000000,0x00000000c26f8ab0,0x00000000c4a80000)
 Metaspace       used 48317K, capacity 49682K, committed 49792K, reserved 1091584K
  class space    used 6667K, capacity 7038K, committed 7040K, reserved 1048576K
}
Event: 55.496 GC heap before
{Heap before GC invocations=21 (full 3):
 PSYoungGen      total 165376K, used 149504K [0x00000000eab00000, 0x00000000f6000000, 0x0000000100000000)
  eden space 149504K, 100% used [0x00000000eab00000,0x00000000f3d00000,0x00000000f3d00000)
  from space 15872K, 0% used [0x00000000f3d00000,0x00000000f3d00000,0x00000000f4c80000)
  to   space 14848K, 0% used [0x00000000f5180000,0x00000000f5180000,0x00000000f6000000)
 ParOldGen       total 76288K, used 39906K [0x00000000c0000000, 0x00000000c4a80000, 0x00000000eab00000)
  object space 76288K, 52% used [0x00000000c0000000,0x00000000c26f8ab0,0x00000000c4a80000)
 Metaspace       used 51808K, capacity 53304K, committed 53376K, reserved 1095680K
  class space    used 7083K, capacity 7486K, committed 7552K, reserved 1048576K
Event: 55.513 GC heap after
Heap after GC invocations=21 (full 3):
 PSYoungGen      total 168448K, used 12890K [0x00000000eab00000, 0x00000000f7f00000, 0x0000000100000000)
  eden space 153600K, 0% used [0x00000000eab00000,0x00000000eab00000,0x00000000f4100000)
  from space 14848K, 86% used [0x00000000f5180000,0x00000000f5e16b00,0x00000000f6000000)
  to   space 16896K, 0% used [0x00000000f4100000,0x00000000f4100000,0x00000000f5180000)
 ParOldGen       total 76288K, used 39914K [0x00000000c0000000, 0x00000000c4a80000, 0x00000000eab00000)
  object space 76288K, 52% used [0x00000000c0000000,0x00000000c26faab0,0x00000000c4a80000)
 Metaspace       used 51808K, capacity 53304K, committed 53376K, reserved 1095680K
  class space    used 7083K, capacity 7486K, committed 7552K, reserved 1048576K
}
Event: 531.701 GC heap before
{Heap before GC invocations=22 (full 3):
 PSYoungGen      total 168448K, used 166490K [0x00000000eab00000, 0x00000000f7f00000, 0x0000000100000000)
  eden space 153600K, 100% used [0x00000000eab00000,0x00000000f4100000,0x00000000f4100000)
  from space 14848K, 86% used [0x00000000f5180000,0x00000000f5e16b00,0x00000000f6000000)
  to   space 16896K, 0% used [0x00000000f4100000,0x00000000f4100000,0x00000000f5180000)
 ParOldGen       total 76288K, used 39914K [0x00000000c0000000, 0x00000000c4a80000, 0x00000000eab00000)
  object space 76288K, 52% used [0x00000000c0000000,0x00000000c26faab0,0x00000000c4a80000)
 Metaspace       used 54043K, capacity 55840K, committed 56064K, reserved 1097728K
  class space    used 7360K, capacity 7815K, committed 7936K, reserved 1048576K
Event: 531.716 GC heap after
Heap after GC invocations=22 (full 3):
 PSYoungGen      total 155648K, used 7178K [0x00000000eab00000, 0x00000000f5a80000, 0x0000000100000000)
  eden space 147968K, 0% used [0x00000000eab00000,0x00000000eab00000,0x00000000f3b80000)
  from space 7680K, 93% used [0x00000000f4100000,0x00000000f4802918,0x00000000f4880000)
  to   space 15872K, 0% used [0x00000000f4b00000,0x00000000f4b00000,0x00000000f5a80000)
 ParOldGen       total 76288K, used 42555K [0x00000000c0000000, 0x00000000c4a80000, 0x00000000eab00000)
  object space 76288K, 55% used [0x00000000c0000000,0x00000000c298eec0,0x00000000c4a80000)
 Metaspace       used 54043K, capacity 55840K, committed 56064K, reserved 1097728K
  class space    used 7360K, capacity 7815K, committed 7936K, reserved 1048576K
}
Event: 538.010 GC heap before
{Heap before GC invocations=23 (full 3):
 PSYoungGen      total 155648K, used 155146K [0x00000000eab00000, 0x00000000f5a80000, 0x0000000100000000)
  eden space 147968K, 100% used [0x00000000eab00000,0x00000000f3b80000,0x00000000f3b80000)
  from space 7680K, 93% used [0x00000000f4100000,0x00000000f4802918,0x00000000f4880000)
  to   space 15872K, 0% used [0x00000000f4b00000,0x00000000f4b00000,0x00000000f5a80000)
 ParOldGen       total 76288K, used 42555K [0x00000000c0000000, 0x00000000c4a80000, 0x00000000eab00000)
  object space 76288K, 55% used [0x00000000c0000000,0x00000000c298eec0,0x00000000c4a80000)
 Metaspace       used 54813K, capacity 56660K, committed 56832K, reserved 1097728K
  class space    used 7447K, capacity 7932K, committed 7936K, reserved 1048576K
Event: 538.021 GC heap after
Heap after GC invocations=23 (full 3):
 PSYoungGen      total 153600K, used 2000K [0x00000000eab00000, 0x00000000f5580000, 0x0000000100000000)
  eden space 142848K, 0% used [0x00000000eab00000,0x00000000eab00000,0x00000000f3680000)
  from space 10752K, 18% used [0x00000000f4b00000,0x00000000f4cf41e0,0x00000000f5580000)
  to   space 15872K, 0% used [0x00000000f3680000,0x00000000f3680000,0x00000000f4600000)
 ParOldGen       total 76288K, used 46787K [0x00000000c0000000, 0x00000000c4a80000, 0x00000000eab00000)
  object space 76288K, 61% used [0x00000000c0000000,0x00000000c2db0fe8,0x00000000c4a80000)
 Metaspace       used 54813K, capacity 56660K, committed 56832K, reserved 1097728K
  class space    used 7447K, capacity 7932K, committed 7936K, reserved 1048576K
}

