# JRE version: Java(TM) SE Runtime Environment (8.0_73-b02) (build 1.8.0_73-b02)
# Java VM: Java HotSpot(TM) 64-Bit Server VM (25.73-b02 mixed mode windows-amd64 compressed oops)
Heap:
 PSYoungGen      total 94720K, used 71900K [0x00000000eab00000, 0x00000000f1700000, 0x0000000100000000)
  eden space 78848K, 88% used [0x00000000eab00000,0x00000000eef0e4d8,0x00000000ef800000)
  from space 15872K, 13% used [0x00000000ef800000,0x00000000efa28ca8,0x00000000f0780000)
  to   space 14848K, 0% used [0x00000000f0880000,0x00000000f0880000,0x00000000f1700000)
 ParOldGen       total 118784K, used 65445K [0x00000000c0000000, 0x00000000c7400000, 0x00000000eab00000)
  object space 118784K, 55% used [0x00000000c0000000,0x00000000c3fe9478,0x00000000c7400000)
 Metaspace       used 6944K, capacity 7608K, committed 7936K, reserved 1056768K
  class space    used 644K, capacity 688K, committed 768K, reserved 1048576K
GC Heap History (10 events):
Event: 8.317 GC heap before
{Heap before GC invocations=8 (full 0):
 PSYoungGen      total 53248K, used 53216K [0x00000000eab00000, 0x00000000ee300000, 0x0000000100000000)
  eden space 49152K, 100% used [0x00000000eab00000,0x00000000edb00000,0x00000000edb00000)
  from space 4096K, 99% used [0x00000000edb00000,0x00000000edef8200,0x00000000edf00000)
  to   space 4096K, 0% used [0x00000000edf00000,0x00000000edf00000,0x00000000ee300000)
 ParOldGen       total 65536K, used 33628K [0x00000000c0000000, 0x00000000c4000000, 0x00000000eab00000)
  object space 65536K, 51% used [0x00000000c0000000,0x00000000c20d7228,0x00000000c4000000)
 Metaspace       used 6505K, capacity 7256K, committed 7424K, reserved 1056768K
  class space    used 623K, capacity 656K, committed 768K, reserved 1048576K
Event: 8.369 GC heap after
Heap after GC invocations=8 (full 0):
 PSYoungGen      total 53248K, used 4080K [0x00000000eab00000, 0x00000000ee300000, 0x0000000100000000)
  eden space 49152K, 0% used [0x00000000eab00000,0x00000000eab00000,0x00000000edb00000)
  from space 4096K, 99% used [0x00000000edf00000,0x00000000ee2fc1f0,0x00000000ee300000)
  to   space 4096K, 0% used [0x00000000edb00000,0x00000000edb00000,0x00000000edf00000)
 ParOldGen       total 65536K, used 41345K [0x00000000c0000000, 0x00000000c4000000, 0x00000000eab00000)
  object space 65536K, 63% used [0x00000000c0000000,0x00000000c28605f0,0x00000000c4000000)
 Metaspace       used 6505K, capacity 7256K, committed 7424K, reserved 1056768K
  class space    used 623K, capacity 656K, committed 768K, reserved 1048576K
}
Event: 9.298 GC heap before
{Heap before GC invocations=9 (full 0):
 PSYoungGen      total 53248K, used 53232K [0x00000000eab00000, 0x00000000ee300000, 0x0000000100000000)
  eden space 49152K, 100% used [0x00000000eab00000,0x00000000edb00000,0x00000000edb00000)
  from space 4096K, 99% used [0x00000000edf00000,0x00000000ee2fc1f0,0x00000000ee300000)
  to   space 4096K, 0% used [0x00000000edb00000,0x00000000edb00000,0x00000000edf00000)
 ParOldGen       total 65536K, used 41347K [0x00000000c0000000, 0x00000000c4000000, 0x00000000eab00000)
  object space 65536K, 63% used [0x00000000c0000000,0x00000000c2860d08,0x00000000c4000000)
 Metaspace       used 6537K, capacity 7256K, committed 7424K, reserved 1056768K
  class space    used 623K, capacity 656K, committed 768K, reserved 1048576K
Event: 9.600 GC heap after
Heap after GC invocations=9 (full 0):
 PSYoungGen      total 53248K, used 4087K [0x00000000eab00000, 0x00000000f1900000, 0x0000000100000000)
  eden space 49152K, 0% used [0x00000000eab00000,0x00000000eab00000,0x00000000edb00000)
  from space 4096K, 99% used [0x00000000edb00000,0x00000000edefdc38,0x00000000edf00000)
  to   space 16896K, 0% used [0x00000000f0880000,0x00000000f0880000,0x00000000f1900000)
 ParOldGen       total 65536K, used 48829K [0x00000000c0000000, 0x00000000c4000000, 0x00000000eab00000)
  object space 65536K, 74% used [0x00000000c0000000,0x00000000c2faf4c0,0x00000000c4000000)
 Metaspace       used 6537K, capacity 7256K, committed 7424K, reserved 1056768K
  class space    used 623K, capacity 656K, committed 768K, reserved 1048576K
}
Event: 11.958 GC heap before
{Heap before GC invocations=10 (full 0):
 PSYoungGen      total 53248K, used 53239K [0x00000000eab00000, 0x00000000f1900000, 0x0000000100000000)
  eden space 49152K, 100% used [0x00000000eab00000,0x00000000edb00000,0x00000000edb00000)
  from space 4096K, 99% used [0x00000000edb00000,0x00000000edefdc38,0x00000000edf00000)
  to   space 16896K, 0% used [0x00000000f0880000,0x00000000f0880000,0x00000000f1900000)
 ParOldGen       total 65536K, used 48829K [0x00000000c0000000, 0x00000000c4000000, 0x00000000eab00000)
  object space 65536K, 74% used [0x00000000c0000000,0x00000000c2faf4c0,0x00000000c4000000)
 Metaspace       used 6539K, capacity 7256K, committed 7424K, reserved 1056768K
  class space    used 623K, capacity 656K, committed 768K, reserved 1048576K
Event: 12.049 GC heap after
Heap after GC invocations=10 (full 0):
 PSYoungGen      total 93696K, used 9432K [0x00000000eab00000, 0x00000000f1700000, 0x0000000100000000)
  eden space 78848K, 0% used [0x00000000eab00000,0x00000000eab00000,0x00000000ef800000)
  from space 14848K, 63% used [0x00000000f0880000,0x00000000f11b63a8,0x00000000f1700000)
  to   space 15872K, 0% used [0x00000000ef800000,0x00000000ef800000,0x00000000f0780000)
 ParOldGen       total 65536K, used 50955K [0x00000000c0000000, 0x00000000c4000000, 0x00000000eab00000)
  object space 65536K, 77% used [0x00000000c0000000,0x00000000c31c2cc8,0x00000000c4000000)
 Metaspace       used 6539K, capacity 7256K, committed 7424K, reserved 1056768K
  class space    used 623K, capacity 656K, committed 768K, reserved 1048576K
}
Event: 17.099 GC heap before
{Heap before GC invocations=11 (full 0):
 PSYoungGen      total 93696K, used 88280K [0x00000000eab00000, 0x00000000f1700000, 0x0000000100000000)
  eden space 78848K, 100% used [0x00000000eab00000,0x00000000ef800000,0x00000000ef800000)
  from space 14848K, 63% used [0x00000000f0880000,0x00000000f11b63a8,0x00000000f1700000)
  to   space 15872K, 0% used [0x00000000ef800000,0x00000000ef800000,0x00000000f0780000)
 ParOldGen       total 65536K, used 50955K [0x00000000c0000000, 0x00000000c4000000, 0x00000000eab00000)
  object space 65536K, 77% used [0x00000000c0000000,0x00000000c31c2cc8,0x00000000c4000000)
 Metaspace       used 6555K, capacity 7256K, committed 7424K, reserved 1056768K
  class space    used 623K, capacity 656K, committed 768K, reserved 1048576K
Event: 17.973 GC heap after
Heap after GC invocations=11 (full 0):
 PSYoungGen      total 94720K, used 12024K [0x00000000eab00000, 0x00000000f1700000, 0x0000000100000000)
  eden space 78848K, 0% used [0x00000000eab00000,0x00000000eab00000,0x00000000ef800000)
  from space 15872K, 75% used [0x00000000ef800000,0x00000000f03be200,0x00000000f0780000)
  to   space 14848K, 0% used [0x00000000f0880000,0x00000000f0880000,0x00000000f1700000)
 ParOldGen       total 65536K, used 59579K [0x00000000c0000000, 0x00000000c4000000, 0x00000000eab00000)
  object space 65536K, 90% used [0x00000000c0000000,0x00000000c3a2ef40,0x00000000c4000000)
 Metaspace       used 6555K, capacity 7256K, committed 7424K, reserved 1056768K
  class space    used 623K, capacity 656K, committed 768K, reserved 1048576K
}
Event: 17.973 GC heap before
{Heap before GC invocations=12 (full 1):
 PSYoungGen      total 94720K, used 12024K [0x00000000eab00000, 0x00000000f1700000, 0x0000000100000000)
  eden space 78848K, 0% used [0x00000000eab00000,0x00000000eab00000,0x00000000ef800000)
  from space 15872K, 75% used [0x00000000ef800000,0x00000000f03be200,0x00000000f0780000)
  to   space 14848K, 0% used [0x00000000f0880000,0x00000000f0880000,0x00000000f1700000)
 ParOldGen       total 65536K, used 59579K [0x00000000c0000000, 0x00000000c4000000, 0x00000000eab00000)
  object space 65536K, 90% used [0x00000000c0000000,0x00000000c3a2ef40,0x00000000c4000000)
 Metaspace       used 6555K, capacity 7256K, committed 7424K, reserved 1056768K
  class space    used 623K, capacity 656K, committed 768K, reserved 1048576K
Event: 22.239 GC heap after
Heap after GC invocations=12 (full 1):
 PSYoungGen      total 94720K, used 2211K [0x00000000eab00000, 0x00000000f1700000, 0x0000000100000000)
  eden space 78848K, 0% used [0x00000000eab00000,0x00000000eab00000,0x00000000ef800000)
  from space 15872K, 13% used [0x00000000ef800000,0x00000000efa28ca8,0x00000000f0780000)
  to   space 14848K, 0% used [0x00000000f0880000,0x00000000f0880000,0x00000000f1700000)
 ParOldGen       total 118784K, used 65445K [0x00000000c0000000, 0x00000000c7400000, 0x00000000eab00000)
  object space 118784K, 55% used [0x00000000c0000000,0x00000000c3fe9478,0x00000000c7400000)
 Metaspace       used 6555K, capacity 7256K, committed 7424K, reserved 1056768K
  class space    used 623K, capacity 656K, committed 768K, reserved 1048576K
}

